
> zomato-frontend@0.1.0 dev
> vite --host 0.0.0.0 --port 5173


  VITE v5.4.21  ready in 171 ms

  ➜  Local:   http://localhost:5173/
  ➜  Network: http://172.22.40.19:5173/
3:15:23 pm [vite] hmr update /src/pages/RestaurantDetailPage.jsx
3:15:27 pm [vite] hmr update /src/pages/RestaurantDetailPage.jsx
3:15:42 pm [vite] hmr update /src/pages/RestaurantDetailPage.jsx
3:16:13 pm [vite] hmr update /src/styles/index.css
3:39:38 pm [vite] hmr update /src/pages/LoginPage.jsx, /src/pages/SignupPage.jsx, /src/pages/RestaurantsPage.jsx, /src/pages/RestaurantDetailPage.jsx, /src/pages/CartPage.jsx, /src/pages/CheckoutPage.jsx, /src/pages/OrdersPage.jsx, /src/pages/OrderDetailPage.jsx, /src/pages/AddressesPage.jsx, /src/pages/ProfilePage.jsx, /src/pages/owner/OwnerShell.jsx, /src/pages/owner/OwnerRestaurantsPage.jsx, /src/pages/owner/OverviewPanel.jsx, /src/pages/owner/LiveOrdersPanel.jsx, /src/pages/owner/ScheduledOrdersPanel.jsx, /src/pages/owner/MenuPanel.jsx, /src/pages/owner/TimingsPanel.jsx, /src/components/Layout.jsx, /src/components/GlobalCartBar.jsx, /src/components/MobileBottomNav.jsx
3:40:40 pm [vite] hmr update /src/pages/RestaurantsPage.jsx
3:41:22 pm [vite] hmr update /src/styles/index.css
4:04:53 pm [vite] hmr update /src/pages/LoginPage.jsx, /src/pages/SignupPage.jsx, /src/pages/RestaurantsPage.jsx, /src/pages/RestaurantDetailPage.jsx, /src/pages/CartPage.jsx, /src/pages/CheckoutPage.jsx, /src/pages/OrdersPage.jsx, /src/pages/OrderDetailPage.jsx, /src/pages/AddressesPage.jsx, /src/pages/ProfilePage.jsx, /src/pages/owner/OwnerShell.jsx, /src/pages/owner/OwnerRestaurantsPage.jsx, /src/pages/owner/OverviewPanel.jsx, /src/pages/owner/LiveOrdersPanel.jsx, /src/pages/owner/ScheduledOrdersPanel.jsx, /src/pages/owner/MenuPanel.jsx, /src/pages/owner/TimingsPanel.jsx, /src/components/Layout.jsx, /src/components/GlobalCartBar.jsx, /src/components/MobileBottomNav.jsx
4:09:46 pm [vite] hmr update /src/pages/RestaurantDetailPage.jsx
4:10:03 pm [vite] hmr update /src/styles/index.css
4:23:01 pm [vite] hmr update /src/pages/RestaurantsPage.jsx
4:23:31 pm [vite] hmr update /src/styles/index.css
4:31:49 pm [vite] hmr update /src/pages/RestaurantsPage.jsx
4:32:14 pm [vite] hmr update /src/pages/RestaurantsPage.jsx
4:32:23 pm [vite] hmr update /src/pages/RestaurantsPage.jsx
4:38:37 pm [vite] hmr update /src/pages/RestaurantsPage.jsx
4:45:39 pm [vite] hmr update /src/pages/RestaurantDetailPage.jsx
4:46:03 pm [vite] hmr update /src/pages/owner/MenuPanel.jsx
4:46:05 pm [vite] hmr update /src/pages/owner/OverviewPanel.jsx
4:46:08 pm [vite] hmr update /src/pages/CartPage.jsx
4:46:09 pm [vite] hmr update /src/pages/OrderDetailPage.jsx
4:54:22 pm [vite] page reload src/lib/apollo.js
4:54:41 pm [vite] hmr update /src/pages/owner/OwnerShell.jsx
4:54:48 pm [vite] hmr update /src/pages/owner/OwnerShell.jsx
4:54:49 pm [vite] hmr update /src/pages/owner/OwnerShell.jsx
4:55:09 pm [vite] hmr update /src/pages/owner/OverviewPanel.jsx
4:55:23 pm [vite] hmr update /src/pages/owner/LiveOrdersPanel.jsx
4:55:28 pm [vite] hmr update /src/pages/owner/LiveOrdersPanel.jsx
4:55:40 pm [vite] hmr update /src/pages/owner/ScheduledOrdersPanel.jsx
4:55:45 pm [vite] hmr update /src/pages/owner/ScheduledOrdersPanel.jsx
4:55:59 pm [vite] hmr update /src/pages/owner/MenuPanel.jsx
4:56:03 pm [vite] hmr update /src/pages/owner/MenuPanel.jsx
4:56:18 pm [vite] hmr update /src/pages/RestaurantDetailPage.jsx
4:56:35 pm [vite] hmr update /src/pages/CheckoutPage.jsx
5:03:05 pm [vite] hmr update /src/pages/OrderDetailPage.jsx
